[debug] [2021-03-22T15:57:39.574Z] ----------------------------------------------------------------------
[debug] [2021-03-22T15:57:39.576Z] Command:       C:\Program Files\nodejs\node.exe C:\Users\Aladin\AppData\Local\Yarn\Data\global\node_modules\firebase-tools\lib\bin\firebase.js deploy
[debug] [2021-03-22T15:57:39.576Z] CLI Version:   8.6.0
[debug] [2021-03-22T15:57:39.576Z] Platform:      win32
[debug] [2021-03-22T15:57:39.577Z] Node Version:  v14.16.0
[debug] [2021-03-22T15:57:39.577Z] Time:          Mon Mar 22 2021 16:57:39 GMT+0100 (heure normale d’Europe centrale)
[debug] [2021-03-22T15:57:39.578Z] ----------------------------------------------------------------------
[debug] [2021-03-22T15:57:39.578Z] 
[debug] [2021-03-22T15:57:39.587Z] > command requires scopes: ["email","openid","https://www.googleapis.com/auth/cloudplatformprojects.readonly","https://www.googleapis.com/auth/firebase","https://www.googleapis.com/auth/cloud-platform"]
[debug] [2021-03-22T15:57:39.588Z] > authorizing via signed-in user
[debug] [2021-03-22T15:57:39.589Z] [iam] checking project oshop-a5952 for permissions ["firebase.projects.get","firebasehosting.sites.update"]
[debug] [2021-03-22T15:57:39.591Z] > refreshing access token with scopes: ["email","https://www.googleapis.com/auth/cloud-platform","https://www.googleapis.com/auth/cloudplatformprojects.readonly","https://www.googleapis.com/auth/firebase","openid"]
[debug] [2021-03-22T15:57:39.591Z] >>> HTTP REQUEST POST https://www.googleapis.com/oauth2/v3/token  
 <request body omitted>
[debug] [2021-03-22T15:57:40.080Z] <<< HTTP RESPONSE 400 {"cache-control":"no-cache, no-store, max-age=0, must-revalidate","pragma":"no-cache","expires":"Mon, 01 Jan 1990 00:00:00 GMT","date":"Mon, 22 Mar 2021 15:57:40 GMT","content-type":"application/json; charset=utf-8","vary":"X-Origin, Referer, Origin,Accept-Encoding","server":"scaffolding on HTTPServer2","x-xss-protection":"0","x-frame-options":"SAMEORIGIN","x-content-type-options":"nosniff","alt-svc":"h3-29=\":443\"; ma=2592000,h3-T051=\":443\"; ma=2592000,h3-Q050=\":443\"; ma=2592000,h3-Q046=\":443\"; ma=2592000,h3-Q043=\":443\"; ma=2592000,quic=\":443\"; ma=2592000; v=\"46,43\"","accept-ranges":"none","transfer-encoding":"chunked"}
[debug] [2021-03-22T15:57:40.081Z] >>> HTTP REQUEST POST https://cloudresourcemanager.googleapis.com/v1/projects/oshop-a5952:testIamPermissions  
 {"permissions":["firebase.projects.get","firebasehosting.sites.update"]}
[debug] [2021-03-22T15:57:41.304Z] <<< HTTP RESPONSE 401 {"www-authenticate":"Bearer realm=\"https://accounts.google.com/\", error=\"invalid_token\"","vary":"X-Origin, Referer, Origin,Accept-Encoding","content-type":"application/json; charset=UTF-8","date":"Mon, 22 Mar 2021 15:57:41 GMT","server":"ESF","cache-control":"private","x-xss-protection":"0","x-frame-options":"SAMEORIGIN","x-content-type-options":"nosniff","server-timing":"gfet4t7; dur=776","alt-svc":"h3-29=\":443\"; ma=2592000,h3-T051=\":443\"; ma=2592000,h3-Q050=\":443\"; ma=2592000,h3-Q046=\":443\"; ma=2592000,h3-Q043=\":443\"; ma=2592000,quic=\":443\"; ma=2592000; v=\"46,43\"","accept-ranges":"none","transfer-encoding":"chunked"}
[debug] [2021-03-22T15:57:41.304Z] <<< HTTP RESPONSE BODY {"error":{"code":401,"message":"Request had invalid authentication credentials. Expected OAuth 2 access token, login cookie or other valid authentication credential. See https://developers.google.com/identity/sign-in/web/devconsole-project.","status":"UNAUTHENTICATED"}}
[debug] [2021-03-22T15:57:41.306Z] [iam] error while checking permissions, command may fail: FirebaseError: HTTP Error: 401, Request had invalid authentication credentials. Expected OAuth 2 access token, login cookie or other valid authentication credential. See https://developers.google.com/identity/sign-in/web/devconsole-project.
[debug] [2021-03-22T15:57:41.308Z] > refreshing access token with scopes: ["email","https://www.googleapis.com/auth/cloud-platform","https://www.googleapis.com/auth/cloudplatformprojects.readonly","https://www.googleapis.com/auth/firebase","openid"]
[debug] [2021-03-22T15:57:41.308Z] >>> HTTP REQUEST POST https://www.googleapis.com/oauth2/v3/token  
 <request body omitted>
[debug] [2021-03-22T15:57:41.812Z] <<< HTTP RESPONSE 400 {"pragma":"no-cache","date":"Mon, 22 Mar 2021 15:57:41 GMT","cache-control":"no-cache, no-store, max-age=0, must-revalidate","expires":"Mon, 01 Jan 1990 00:00:00 GMT","content-type":"application/json; charset=utf-8","vary":"X-Origin, Referer, Origin,Accept-Encoding","server":"scaffolding on HTTPServer2","x-xss-protection":"0","x-frame-options":"SAMEORIGIN","x-content-type-options":"nosniff","alt-svc":"h3-29=\":443\"; ma=2592000,h3-T051=\":443\"; ma=2592000,h3-Q050=\":443\"; ma=2592000,h3-Q046=\":443\"; ma=2592000,h3-Q043=\":443\"; ma=2592000,quic=\":443\"; ma=2592000; v=\"46,43\"","accept-ranges":"none","transfer-encoding":"chunked"}
[debug] [2021-03-22T15:57:41.813Z] >>> HTTP REQUEST GET https://firebase.googleapis.com/v1beta1/projects/oshop-a5952  
 
[debug] [2021-03-22T15:57:42.398Z] <<< HTTP RESPONSE 401 {"www-authenticate":"Bearer realm=\"https://accounts.google.com/\", error=\"invalid_token\"","vary":"X-Origin, Referer, Origin,Accept-Encoding","content-type":"application/json; charset=UTF-8","date":"Mon, 22 Mar 2021 15:57:42 GMT","server":"ESF","cache-control":"private","x-xss-protection":"0","x-frame-options":"SAMEORIGIN","x-content-type-options":"nosniff","alt-svc":"h3-29=\":443\"; ma=2592000,h3-T051=\":443\"; ma=2592000,h3-Q050=\":443\"; ma=2592000,h3-Q046=\":443\"; ma=2592000,h3-Q043=\":443\"; ma=2592000,quic=\":443\"; ma=2592000; v=\"46,43\"","accept-ranges":"none","transfer-encoding":"chunked"}
[debug] [2021-03-22T15:57:42.398Z] <<< HTTP RESPONSE BODY {"error":{"code":401,"message":"Request had invalid authentication credentials. Expected OAuth 2 access token, login cookie or other valid authentication credential. See https://developers.google.com/identity/sign-in/web/devconsole-project.","status":"UNAUTHENTICATED"}}
[debug] [2021-03-22T15:57:42.400Z] HTTP Error: 401, Request had invalid authentication credentials. Expected OAuth 2 access token, login cookie or other valid authentication credential. See https://developers.google.com/identity/sign-in/web/devconsole-project.
[debug] [2021-03-22T15:57:42.402Z] FirebaseError: HTTP Error: 401, Request had invalid authentication credentials. Expected OAuth 2 access token, login cookie or other valid authentication credential. See https://developers.google.com/identity/sign-in/web/devconsole-project.
    at module.exports (C:\Users\Aladin\AppData\Local\Yarn\Data\global\node_modules\firebase-tools\lib\responseToError.js:38:12)
    at Request._callback (C:\Users\Aladin\AppData\Local\Yarn\Data\global\node_modules\firebase-tools\lib\api.js:41:35)
    at Request.self.callback (C:\Users\Aladin\AppData\Local\Yarn\Data\global\node_modules\request\request.js:185:22)
    at Request.emit (events.js:315:20)
    at Request.EventEmitter.emit (domain.js:467:12)
    at Request.<anonymous> (C:\Users\Aladin\AppData\Local\Yarn\Data\global\node_modules\request\request.js:1154:10)
    at Request.emit (events.js:315:20)
    at Request.EventEmitter.emit (domain.js:467:12)
    at IncomingMessage.<anonymous> (C:\Users\Aladin\AppData\Local\Yarn\Data\global\node_modules\request\request.js:1076:12)
    at Object.onceWrapper (events.js:421:28)
    at IncomingMessage.emit (events.js:327:22)
    at IncomingMessage.EventEmitter.emit (domain.js:467:12)
    at endReadableNT (internal/streams/readable.js:1327:12)
    at processTicksAndRejections (internal/process/task_queues.js:80:21)
[error] 
[error] Error: Failed to get Firebase project oshop-a5952. Please make sure the project exists and your account has permission to access it.
[debug] [2021-03-22T16:08:23.940Z] ----------------------------------------------------------------------
[debug] [2021-03-22T16:08:23.942Z] Command:       C:\Program Files\nodejs\node.exe C:\Users\Aladin\AppData\Local\Yarn\Data\global\node_modules\firebase-tools\lib\bin\firebase.js init
[debug] [2021-03-22T16:08:23.942Z] CLI Version:   8.6.0
[debug] [2021-03-22T16:08:23.942Z] Platform:      win32
[debug] [2021-03-22T16:08:23.942Z] Node Version:  v14.16.0
[debug] [2021-03-22T16:08:23.952Z] Time:          Mon Mar 22 2021 17:08:23 GMT+0100 (heure normale d’Europe centrale)
[debug] [2021-03-22T16:08:23.952Z] ----------------------------------------------------------------------
[debug] [2021-03-22T16:08:23.952Z] 
[debug] [2021-03-22T16:08:23.958Z] > command requires scopes: ["email","openid","https://www.googleapis.com/auth/cloudplatformprojects.readonly","https://www.googleapis.com/auth/firebase","https://www.googleapis.com/auth/cloud-platform"]
[debug] [2021-03-22T16:08:23.960Z] > authorizing via signed-in user
[info] 
     ######## #### ########  ######## ########     ###     ######  ########
     ##        ##  ##     ## ##       ##     ##  ##   ##  ##       ##
     ######    ##  ########  ######   ########  #########  ######  ######
     ##        ##  ##    ##  ##       ##     ## ##     ##       ## ##
     ##       #### ##     ## ######## ########  ##     ##  ######  ########

You're about to initialize a Firebase project in this directory:

  D:\Workspace Angular\organic-shop

Before we get started, keep in mind:

  * You are initializing in an existing Firebase project directory

[info] 
=== Project Setup
[info] 
[info] First, let's associate this project directory with a Firebase project.
[info] You can create multiple project aliases by running firebase use --add, 
[info] but for now we'll just set up a default project.
[info] 
[info] i  .firebaserc already has a default project, using oshop-a5952. 
[debug] [2021-03-22T16:09:53.880Z] > refreshing access token with scopes: ["email","https://www.googleapis.com/auth/cloud-platform","https://www.googleapis.com/auth/cloudplatformprojects.readonly","https://www.googleapis.com/auth/firebase","openid"]
[debug] [2021-03-22T16:09:53.881Z] >>> HTTP REQUEST POST https://www.googleapis.com/oauth2/v3/token  
 <request body omitted>
[debug] [2021-03-22T16:09:54.549Z] <<< HTTP RESPONSE 400 {"pragma":"no-cache","date":"Mon, 22 Mar 2021 16:09:54 GMT","cache-control":"no-cache, no-store, max-age=0, must-revalidate","expires":"Mon, 01 Jan 1990 00:00:00 GMT","content-type":"application/json; charset=utf-8","vary":"X-Origin, Referer, Origin,Accept-Encoding","server":"scaffolding on HTTPServer2","x-xss-protection":"0","x-frame-options":"SAMEORIGIN","x-content-type-options":"nosniff","alt-svc":"h3-29=\":443\"; ma=2592000,h3-T051=\":443\"; ma=2592000,h3-Q050=\":443\"; ma=2592000,h3-Q046=\":443\"; ma=2592000,h3-Q043=\":443\"; ma=2592000,quic=\":443\"; ma=2592000; v=\"46,43\"","accept-ranges":"none","transfer-encoding":"chunked"}
[debug] [2021-03-22T16:09:54.551Z] >>> HTTP REQUEST GET https://firebase.googleapis.com/v1beta1/projects/oshop-a5952  
 
[debug] [2021-03-22T16:09:55.051Z] <<< HTTP RESPONSE 401 {"www-authenticate":"Bearer realm=\"https://accounts.google.com/\", error=\"invalid_token\"","vary":"X-Origin, Referer, Origin,Accept-Encoding","content-type":"application/json; charset=UTF-8","date":"Mon, 22 Mar 2021 16:09:55 GMT","server":"ESF","cache-control":"private","x-xss-protection":"0","x-frame-options":"SAMEORIGIN","x-content-type-options":"nosniff","alt-svc":"h3-29=\":443\"; ma=2592000,h3-T051=\":443\"; ma=2592000,h3-Q050=\":443\"; ma=2592000,h3-Q046=\":443\"; ma=2592000,h3-Q043=\":443\"; ma=2592000,quic=\":443\"; ma=2592000; v=\"46,43\"","accept-ranges":"none","transfer-encoding":"chunked"}
[debug] [2021-03-22T16:09:55.052Z] <<< HTTP RESPONSE BODY {"error":{"code":401,"message":"Request had invalid authentication credentials. Expected OAuth 2 access token, login cookie or other valid authentication credential. See https://developers.google.com/identity/sign-in/web/devconsole-project.","status":"UNAUTHENTICATED"}}
[debug] [2021-03-22T16:09:55.054Z] HTTP Error: 401, Request had invalid authentication credentials. Expected OAuth 2 access token, login cookie or other valid authentication credential. See https://developers.google.com/identity/sign-in/web/devconsole-project.
[debug] [2021-03-22T16:09:55.059Z] FirebaseError: HTTP Error: 401, Request had invalid authentication credentials. Expected OAuth 2 access token, login cookie or other valid authentication credential. See https://developers.google.com/identity/sign-in/web/devconsole-project.
    at module.exports (C:\Users\Aladin\AppData\Local\Yarn\Data\global\node_modules\firebase-tools\lib\responseToError.js:38:12)
    at Request._callback (C:\Users\Aladin\AppData\Local\Yarn\Data\global\node_modules\firebase-tools\lib\api.js:41:35)
    at Request.self.callback (C:\Users\Aladin\AppData\Local\Yarn\Data\global\node_modules\request\request.js:185:22)
    at Request.emit (events.js:315:20)
    at Request.EventEmitter.emit (domain.js:467:12)
    at Request.<anonymous> (C:\Users\Aladin\AppData\Local\Yarn\Data\global\node_modules\request\request.js:1154:10)
    at Request.emit (events.js:315:20)
    at Request.EventEmitter.emit (domain.js:467:12)
    at IncomingMessage.<anonymous> (C:\Users\Aladin\AppData\Local\Yarn\Data\global\node_modules\request\request.js:1076:12)
    at Object.onceWrapper (events.js:421:28)
    at IncomingMessage.emit (events.js:327:22)
    at IncomingMessage.EventEmitter.emit (domain.js:467:12)
    at endReadableNT (internal/streams/readable.js:1327:12)
    at processTicksAndRejections (internal/process/task_queues.js:80:21)
[error] 
[error] Error: Failed to get Firebase project oshop-a5952. Please make sure the project exists and your account has permission to access it.
[debug] [2021-03-22T16:10:23.708Z] ----------------------------------------------------------------------
[debug] [2021-03-22T16:10:23.709Z] Command:       C:\Program Files\nodejs\node.exe C:\Users\Aladin\AppData\Local\Yarn\Data\global\node_modules\firebase-tools\lib\bin\firebase.js init
[debug] [2021-03-22T16:10:23.710Z] CLI Version:   8.6.0
[debug] [2021-03-22T16:10:23.710Z] Platform:      win32
[debug] [2021-03-22T16:10:23.710Z] Node Version:  v14.16.0
[debug] [2021-03-22T16:10:23.711Z] Time:          Mon Mar 22 2021 17:10:23 GMT+0100 (heure normale d’Europe centrale)
[debug] [2021-03-22T16:10:23.711Z] ----------------------------------------------------------------------
[debug] [2021-03-22T16:10:23.711Z] 
[debug] [2021-03-22T16:10:23.716Z] > command requires scopes: ["email","openid","https://www.googleapis.com/auth/cloudplatformprojects.readonly","https://www.googleapis.com/auth/firebase","https://www.googleapis.com/auth/cloud-platform"]
[debug] [2021-03-22T16:10:23.718Z] > authorizing via signed-in user
[info] 
     ######## #### ########  ######## ########     ###     ######  ########
     ##        ##  ##     ## ##       ##     ##  ##   ##  ##       ##
     ######    ##  ########  ######   ########  #########  ######  ######
     ##        ##  ##    ##  ##       ##     ## ##     ##       ## ##
     ##       #### ##     ## ######## ########  ##     ##  ######  ########

You're about to initialize a Firebase project in this directory:

  D:\Workspace Angular\organic-shop

Before we get started, keep in mind:

  * You are initializing in an existing Firebase project directory

[info] 
=== Project Setup
[info] 
[info] First, let's associate this project directory with a Firebase project.
[info] You can create multiple project aliases by running firebase use --add, 
[info] but for now we'll just set up a default project.
[info] 
[info] i  .firebaserc already has a default project, using oshop-a5952. 
[debug] [2021-03-22T16:10:28.245Z] > refreshing access token with scopes: ["email","https://www.googleapis.com/auth/cloud-platform","https://www.googleapis.com/auth/cloudplatformprojects.readonly","https://www.googleapis.com/auth/firebase","openid"]
[debug] [2021-03-22T16:10:28.246Z] >>> HTTP REQUEST POST https://www.googleapis.com/oauth2/v3/token  
 <request body omitted>
[debug] [2021-03-22T16:10:29.019Z] <<< HTTP RESPONSE 400 {"expires":"Mon, 01 Jan 1990 00:00:00 GMT","cache-control":"no-cache, no-store, max-age=0, must-revalidate","pragma":"no-cache","date":"Mon, 22 Mar 2021 16:10:29 GMT","content-type":"application/json; charset=utf-8","vary":"X-Origin, Referer, Origin,Accept-Encoding","server":"scaffolding on HTTPServer2","x-xss-protection":"0","x-frame-options":"SAMEORIGIN","x-content-type-options":"nosniff","alt-svc":"h3-29=\":443\"; ma=2592000,h3-T051=\":443\"; ma=2592000,h3-Q050=\":443\"; ma=2592000,h3-Q046=\":443\"; ma=2592000,h3-Q043=\":443\"; ma=2592000,quic=\":443\"; ma=2592000; v=\"46,43\"","accept-ranges":"none","transfer-encoding":"chunked"}
[debug] [2021-03-22T16:10:29.021Z] >>> HTTP REQUEST GET https://firebase.googleapis.com/v1beta1/projects/oshop-a5952  
 
[debug] [2021-03-22T16:10:29.324Z] <<< HTTP RESPONSE 401 {"www-authenticate":"Bearer realm=\"https://accounts.google.com/\", error=\"invalid_token\"","vary":"X-Origin, Referer, Origin,Accept-Encoding","content-type":"application/json; charset=UTF-8","date":"Mon, 22 Mar 2021 16:10:29 GMT","server":"ESF","cache-control":"private","x-xss-protection":"0","x-frame-options":"SAMEORIGIN","x-content-type-options":"nosniff","alt-svc":"h3-29=\":443\"; ma=2592000,h3-T051=\":443\"; ma=2592000,h3-Q050=\":443\"; ma=2592000,h3-Q046=\":443\"; ma=2592000,h3-Q043=\":443\"; ma=2592000,quic=\":443\"; ma=2592000; v=\"46,43\"","accept-ranges":"none","transfer-encoding":"chunked"}
[debug] [2021-03-22T16:10:29.325Z] <<< HTTP RESPONSE BODY {"error":{"code":401,"message":"Request had invalid authentication credentials. Expected OAuth 2 access token, login cookie or other valid authentication credential. See https://developers.google.com/identity/sign-in/web/devconsole-project.","status":"UNAUTHENTICATED"}}
[debug] [2021-03-22T16:10:29.327Z] HTTP Error: 401, Request had invalid authentication credentials. Expected OAuth 2 access token, login cookie or other valid authentication credential. See https://developers.google.com/identity/sign-in/web/devconsole-project.
[debug] [2021-03-22T16:10:29.329Z] FirebaseError: HTTP Error: 401, Request had invalid authentication credentials. Expected OAuth 2 access token, login cookie or other valid authentication credential. See https://developers.google.com/identity/sign-in/web/devconsole-project.
    at module.exports (C:\Users\Aladin\AppData\Local\Yarn\Data\global\node_modules\firebase-tools\lib\responseToError.js:38:12)
    at Request._callback (C:\Users\Aladin\AppData\Local\Yarn\Data\global\node_modules\firebase-tools\lib\api.js:41:35)
    at Request.self.callback (C:\Users\Aladin\AppData\Local\Yarn\Data\global\node_modules\request\request.js:185:22)
    at Request.emit (events.js:315:20)
    at Request.EventEmitter.emit (domain.js:467:12)
    at Request.<anonymous> (C:\Users\Aladin\AppData\Local\Yarn\Data\global\node_modules\request\request.js:1154:10)
    at Request.emit (events.js:315:20)
    at Request.EventEmitter.emit (domain.js:467:12)
    at IncomingMessage.<anonymous> (C:\Users\Aladin\AppData\Local\Yarn\Data\global\node_modules\request\request.js:1076:12)
    at Object.onceWrapper (events.js:421:28)
    at IncomingMessage.emit (events.js:327:22)
    at IncomingMessage.EventEmitter.emit (domain.js:467:12)
    at endReadableNT (internal/streams/readable.js:1327:12)
    at processTicksAndRejections (internal/process/task_queues.js:80:21)
[error] 
[error] Error: Failed to get Firebase project oshop-a5952. Please make sure the project exists and your account has permission to access it.
[debug] [2021-03-22T16:10:42.938Z] ----------------------------------------------------------------------
[debug] [2021-03-22T16:10:42.939Z] Command:       C:\Program Files\nodejs\node.exe C:\Users\Aladin\AppData\Local\Yarn\Data\global\node_modules\firebase-tools\lib\bin\firebase.js deploy
[debug] [2021-03-22T16:10:42.940Z] CLI Version:   8.6.0
[debug] [2021-03-22T16:10:42.940Z] Platform:      win32
[debug] [2021-03-22T16:10:42.940Z] Node Version:  v14.16.0
[debug] [2021-03-22T16:10:42.941Z] Time:          Mon Mar 22 2021 17:10:42 GMT+0100 (heure normale d’Europe centrale)
[debug] [2021-03-22T16:10:42.941Z] ----------------------------------------------------------------------
[debug] [2021-03-22T16:10:42.941Z] 
[debug] [2021-03-22T16:10:42.947Z] > command requires scopes: ["email","openid","https://www.googleapis.com/auth/cloudplatformprojects.readonly","https://www.googleapis.com/auth/firebase","https://www.googleapis.com/auth/cloud-platform"]
[debug] [2021-03-22T16:10:42.949Z] > authorizing via signed-in user
[debug] [2021-03-22T16:10:42.950Z] [iam] checking project oshop-a5952 for permissions ["firebase.projects.get","firebasehosting.sites.update"]
[debug] [2021-03-22T16:10:42.953Z] > refreshing access token with scopes: ["email","https://www.googleapis.com/auth/cloud-platform","https://www.googleapis.com/auth/cloudplatformprojects.readonly","https://www.googleapis.com/auth/firebase","openid"]
[debug] [2021-03-22T16:10:42.953Z] >>> HTTP REQUEST POST https://www.googleapis.com/oauth2/v3/token  
 <request body omitted>
[debug] [2021-03-22T16:10:43.682Z] <<< HTTP RESPONSE 400 {"pragma":"no-cache","date":"Mon, 22 Mar 2021 16:10:43 GMT","cache-control":"no-cache, no-store, max-age=0, must-revalidate","expires":"Mon, 01 Jan 1990 00:00:00 GMT","content-type":"application/json; charset=utf-8","vary":"X-Origin, Referer, Origin,Accept-Encoding","server":"scaffolding on HTTPServer2","x-xss-protection":"0","x-frame-options":"SAMEORIGIN","x-content-type-options":"nosniff","alt-svc":"h3-29=\":443\"; ma=2592000,h3-T051=\":443\"; ma=2592000,h3-Q050=\":443\"; ma=2592000,h3-Q046=\":443\"; ma=2592000,h3-Q043=\":443\"; ma=2592000,quic=\":443\"; ma=2592000; v=\"46,43\"","accept-ranges":"none","transfer-encoding":"chunked"}
[debug] [2021-03-22T16:10:43.684Z] >>> HTTP REQUEST POST https://cloudresourcemanager.googleapis.com/v1/projects/oshop-a5952:testIamPermissions  
 {"permissions":["firebase.projects.get","firebasehosting.sites.update"]}
[debug] [2021-03-22T16:10:45.132Z] <<< HTTP RESPONSE 401 {"www-authenticate":"Bearer realm=\"https://accounts.google.com/\", error=\"invalid_token\"","vary":"X-Origin, Referer, Origin,Accept-Encoding","content-type":"application/json; charset=UTF-8","date":"Mon, 22 Mar 2021 16:10:45 GMT","server":"ESF","cache-control":"private","x-xss-protection":"0","x-frame-options":"SAMEORIGIN","x-content-type-options":"nosniff","server-timing":"gfet4t7; dur=727","alt-svc":"h3-29=\":443\"; ma=2592000,h3-T051=\":443\"; ma=2592000,h3-Q050=\":443\"; ma=2592000,h3-Q046=\":443\"; ma=2592000,h3-Q043=\":443\"; ma=2592000,quic=\":443\"; ma=2592000; v=\"46,43\"","accept-ranges":"none","transfer-encoding":"chunked"}
[debug] [2021-03-22T16:10:45.134Z] <<< HTTP RESPONSE BODY {"error":{"code":401,"message":"Request had invalid authentication credentials. Expected OAuth 2 access token, login cookie or other valid authentication credential. See https://developers.google.com/identity/sign-in/web/devconsole-project.","status":"UNAUTHENTICATED"}}
[debug] [2021-03-22T16:10:45.136Z] [iam] error while checking permissions, command may fail: FirebaseError: HTTP Error: 401, Request had invalid authentication credentials. Expected OAuth 2 access token, login cookie or other valid authentication credential. See https://developers.google.com/identity/sign-in/web/devconsole-project.
[debug] [2021-03-22T16:10:45.137Z] > refreshing access token with scopes: ["email","https://www.googleapis.com/auth/cloud-platform","https://www.googleapis.com/auth/cloudplatformprojects.readonly","https://www.googleapis.com/auth/firebase","openid"]
[debug] [2021-03-22T16:10:45.138Z] >>> HTTP REQUEST POST https://www.googleapis.com/oauth2/v3/token  
 <request body omitted>
[debug] [2021-03-22T16:10:45.985Z] <<< HTTP RESPONSE 400 {"date":"Mon, 22 Mar 2021 16:10:45 GMT","expires":"Mon, 01 Jan 1990 00:00:00 GMT","pragma":"no-cache","cache-control":"no-cache, no-store, max-age=0, must-revalidate","content-type":"application/json; charset=utf-8","vary":"X-Origin, Referer, Origin,Accept-Encoding","server":"scaffolding on HTTPServer2","x-xss-protection":"0","x-frame-options":"SAMEORIGIN","x-content-type-options":"nosniff","alt-svc":"h3-29=\":443\"; ma=2592000,h3-T051=\":443\"; ma=2592000,h3-Q050=\":443\"; ma=2592000,h3-Q046=\":443\"; ma=2592000,h3-Q043=\":443\"; ma=2592000,quic=\":443\"; ma=2592000; v=\"46,43\"","accept-ranges":"none","transfer-encoding":"chunked"}
[debug] [2021-03-22T16:10:45.986Z] >>> HTTP REQUEST GET https://firebase.googleapis.com/v1beta1/projects/oshop-a5952  
 
[debug] [2021-03-22T16:10:46.622Z] <<< HTTP RESPONSE 401 {"www-authenticate":"Bearer realm=\"https://accounts.google.com/\", error=\"invalid_token\"","vary":"X-Origin, Referer, Origin,Accept-Encoding","content-type":"application/json; charset=UTF-8","date":"Mon, 22 Mar 2021 16:10:46 GMT","server":"ESF","cache-control":"private","x-xss-protection":"0","x-frame-options":"SAMEORIGIN","x-content-type-options":"nosniff","alt-svc":"h3-29=\":443\"; ma=2592000,h3-T051=\":443\"; ma=2592000,h3-Q050=\":443\"; ma=2592000,h3-Q046=\":443\"; ma=2592000,h3-Q043=\":443\"; ma=2592000,quic=\":443\"; ma=2592000; v=\"46,43\"","accept-ranges":"none","transfer-encoding":"chunked"}
[debug] [2021-03-22T16:10:46.623Z] <<< HTTP RESPONSE BODY {"error":{"code":401,"message":"Request had invalid authentication credentials. Expected OAuth 2 access token, login cookie or other valid authentication credential. See https://developers.google.com/identity/sign-in/web/devconsole-project.","status":"UNAUTHENTICATED"}}
[debug] [2021-03-22T16:10:46.625Z] HTTP Error: 401, Request had invalid authentication credentials. Expected OAuth 2 access token, login cookie or other valid authentication credential. See https://developers.google.com/identity/sign-in/web/devconsole-project.
[debug] [2021-03-22T16:10:46.627Z] FirebaseError: HTTP Error: 401, Request had invalid authentication credentials. Expected OAuth 2 access token, login cookie or other valid authentication credential. See https://developers.google.com/identity/sign-in/web/devconsole-project.
    at module.exports (C:\Users\Aladin\AppData\Local\Yarn\Data\global\node_modules\firebase-tools\lib\responseToError.js:38:12)
    at Request._callback (C:\Users\Aladin\AppData\Local\Yarn\Data\global\node_modules\firebase-tools\lib\api.js:41:35)
    at Request.self.callback (C:\Users\Aladin\AppData\Local\Yarn\Data\global\node_modules\request\request.js:185:22)
    at Request.emit (events.js:315:20)
    at Request.EventEmitter.emit (domain.js:467:12)
    at Request.<anonymous> (C:\Users\Aladin\AppData\Local\Yarn\Data\global\node_modules\request\request.js:1154:10)
    at Request.emit (events.js:315:20)
    at Request.EventEmitter.emit (domain.js:467:12)
    at IncomingMessage.<anonymous> (C:\Users\Aladin\AppData\Local\Yarn\Data\global\node_modules\request\request.js:1076:12)
    at Object.onceWrapper (events.js:421:28)
    at IncomingMessage.emit (events.js:327:22)
    at IncomingMessage.EventEmitter.emit (domain.js:467:12)
    at endReadableNT (internal/streams/readable.js:1327:12)
    at processTicksAndRejections (internal/process/task_queues.js:80:21)
[error] 
[error] Error: Failed to get Firebase project oshop-a5952. Please make sure the project exists and your account has permission to access it.
[debug] [2021-03-22T16:13:25.561Z] ----------------------------------------------------------------------
[debug] [2021-03-22T16:13:25.562Z] Command:       C:\Program Files\nodejs\node.exe C:\Users\Aladin\AppData\Local\Yarn\Data\global\node_modules\firebase-tools\lib\bin\firebase.js logout
[debug] [2021-03-22T16:13:25.563Z] CLI Version:   8.6.0
[debug] [2021-03-22T16:13:25.563Z] Platform:      win32
[debug] [2021-03-22T16:13:25.563Z] Node Version:  v14.16.0
[debug] [2021-03-22T16:13:25.564Z] Time:          Mon Mar 22 2021 17:13:25 GMT+0100 (heure normale d’Europe centrale)
[debug] [2021-03-22T16:13:25.564Z] ----------------------------------------------------------------------
[debug] [2021-03-22T16:13:25.564Z] 
[debug] [2021-03-22T16:13:25.588Z] >>> HTTP REQUEST GET https://accounts.google.com/o/oauth2/revoke?token=1%2F%2F03K-AWl37dm9yCgYIARAAGAMSNwF-L9IrxpIn_tSqa8t49avtxgT65Q2odMD8eA1_6TuhYPXF8IiMGkjAZdmKO__42BYfk_ChpaE  
 
[debug] [2021-03-22T16:13:26.270Z] <<< HTTP RESPONSE 400 {"cache-control":"no-cache, no-store, max-age=0, must-revalidate","pragma":"no-cache","expires":"Mon, 01 Jan 1990 00:00:00 GMT","date":"Mon, 22 Mar 2021 16:13:26 GMT","content-type":"application/json; charset=utf-8","vary":"X-Origin, Referer, Origin,Accept-Encoding","server":"ESF","x-xss-protection":"0","x-frame-options":"SAMEORIGIN","x-content-type-options":"nosniff","alt-svc":"h3-29=\":443\"; ma=2592000,h3-T051=\":443\"; ma=2592000,h3-Q050=\":443\"; ma=2592000,h3-Q046=\":443\"; ma=2592000,h3-Q043=\":443\"; ma=2592000,quic=\":443\"; ma=2592000; v=\"46,43\"","accept-ranges":"none","transfer-encoding":"chunked"}
[debug] [2021-03-22T16:13:36.365Z] ----------------------------------------------------------------------
[debug] [2021-03-22T16:13:36.367Z] Command:       C:\Program Files\nodejs\node.exe C:\Users\Aladin\AppData\Local\Yarn\Data\global\node_modules\firebase-tools\lib\bin\firebase.js login
[debug] [2021-03-22T16:13:36.367Z] CLI Version:   8.6.0
[debug] [2021-03-22T16:13:36.368Z] Platform:      win32
[debug] [2021-03-22T16:13:36.368Z] Node Version:  v14.16.0
[debug] [2021-03-22T16:13:36.369Z] Time:          Mon Mar 22 2021 17:13:36 GMT+0100 (heure normale d’Europe centrale)
[debug] [2021-03-22T16:13:36.369Z] ----------------------------------------------------------------------
[debug] [2021-03-22T16:13:36.369Z] 
[info] i  Firebase optionally collects CLI usage and error reporting information to help improve our products. Data is collected in accordance with Google's privacy policy (https://policies.google.com/privacy) and is not used to identify you.
 
[info] i  To change your data collection preference at any time, run `firebase logout` and log in again. 
[info] 
[info] Visit this URL on this device to log in:
[info] https://accounts.google.com/o/oauth2/auth?client_id=563584335869-fgrhgmd47bqnekij5i8b5pr03ho849e6.apps.googleusercontent.com&scope=email%20openid%20https%3A%2F%2Fwww.googleapis.com%2Fauth%2Fcloudplatformprojects.readonly%20https%3A%2F%2Fwww.googleapis.com%2Fauth%2Ffirebase%20https%3A%2F%2Fwww.googleapis.com%2Fauth%2Fcloud-platform&response_type=code&state=44515153&redirect_uri=http%3A%2F%2Flocalhost%3A9005
[info] 
[info] Waiting for authentication...
[debug] [2021-03-22T16:14:09.268Z] >>> HTTP REQUEST POST https://accounts.google.com/o/oauth2/token  
 {"code":"4/0AY0e-g6Y81C-Op25Gcg0lze5p5ksALtZGvGrAFf_PdJi_9tf_VqJoBKfOkfJGfzCUA5DYA","client_id":"563584335869-fgrhgmd47bqnekij5i8b5pr03ho849e6.apps.googleusercontent.com","client_secret":"j9iVZfS8kkCEFUPaAeJV0sAi","redirect_uri":"http://localhost:9005","grant_type":"authorization_code"}
[debug] [2021-03-22T16:14:10.292Z] <<< HTTP RESPONSE 200 {"date":"Mon, 22 Mar 2021 16:14:10 GMT","pragma":"no-cache","cache-control":"no-cache, no-store, max-age=0, must-revalidate","expires":"Mon, 01 Jan 1990 00:00:00 GMT","content-type":"application/json; charset=utf-8","vary":"X-Origin, Referer, Origin,Accept-Encoding","server":"scaffolding on HTTPServer2","x-xss-protection":"0","x-frame-options":"SAMEORIGIN","x-content-type-options":"nosniff","alt-svc":"h3-29=\":443\"; ma=2592000,h3-T051=\":443\"; ma=2592000,h3-Q050=\":443\"; ma=2592000,h3-Q046=\":443\"; ma=2592000,h3-Q043=\":443\"; ma=2592000,quic=\":443\"; ma=2592000; v=\"46,43\"","accept-ranges":"none","transfer-encoding":"chunked"}
[info] 
[info] +  Success! Logged in as alaedd@gmail.com 
[debug] [2021-03-22T16:14:20.448Z] ----------------------------------------------------------------------
[debug] [2021-03-22T16:14:20.449Z] Command:       C:\Program Files\nodejs\node.exe C:\Users\Aladin\AppData\Local\Yarn\Data\global\node_modules\firebase-tools\lib\bin\firebase.js deploy
[debug] [2021-03-22T16:14:20.450Z] CLI Version:   8.6.0
[debug] [2021-03-22T16:14:20.450Z] Platform:      win32
[debug] [2021-03-22T16:14:20.450Z] Node Version:  v14.16.0
[debug] [2021-03-22T16:14:20.451Z] Time:          Mon Mar 22 2021 17:14:20 GMT+0100 (heure normale d’Europe centrale)
[debug] [2021-03-22T16:14:20.451Z] ----------------------------------------------------------------------
[debug] [2021-03-22T16:14:20.451Z] 
[debug] [2021-03-22T16:14:20.457Z] > command requires scopes: ["email","openid","https://www.googleapis.com/auth/cloudplatformprojects.readonly","https://www.googleapis.com/auth/firebase","https://www.googleapis.com/auth/cloud-platform"]
[debug] [2021-03-22T16:14:20.459Z] > authorizing via signed-in user
[debug] [2021-03-22T16:14:20.459Z] [iam] checking project oshop-a5952 for permissions ["firebase.projects.get","firebasehosting.sites.update"]
[debug] [2021-03-22T16:14:20.462Z] > refreshing access token with scopes: ["email","https://www.googleapis.com/auth/cloud-platform","https://www.googleapis.com/auth/cloudplatformprojects.readonly","https://www.googleapis.com/auth/firebase","openid"]
[debug] [2021-03-22T16:14:20.463Z] >>> HTTP REQUEST POST https://www.googleapis.com/oauth2/v3/token  
 <request body omitted>
[debug] [2021-03-22T16:14:21.881Z] <<< HTTP RESPONSE 200 {"pragma":"no-cache","expires":"Mon, 01 Jan 1990 00:00:00 GMT","cache-control":"no-cache, no-store, max-age=0, must-revalidate","date":"Mon, 22 Mar 2021 16:14:21 GMT","content-type":"application/json; charset=utf-8","vary":"X-Origin, Referer, Origin,Accept-Encoding","server":"scaffolding on HTTPServer2","x-xss-protection":"0","x-frame-options":"SAMEORIGIN","x-content-type-options":"nosniff","alt-svc":"h3-29=\":443\"; ma=2592000,h3-T051=\":443\"; ma=2592000,h3-Q050=\":443\"; ma=2592000,h3-Q046=\":443\"; ma=2592000,h3-Q043=\":443\"; ma=2592000,quic=\":443\"; ma=2592000; v=\"46,43\"","accept-ranges":"none","transfer-encoding":"chunked"}
[debug] [2021-03-22T16:14:21.890Z] >>> HTTP REQUEST POST https://cloudresourcemanager.googleapis.com/v1/projects/oshop-a5952:testIamPermissions  
 {"permissions":["firebase.projects.get","firebasehosting.sites.update"]}
[debug] [2021-03-22T16:14:23.280Z] <<< HTTP RESPONSE 200 {"content-type":"application/json; charset=UTF-8","vary":"X-Origin, Referer, Origin,Accept-Encoding","date":"Mon, 22 Mar 2021 16:14:23 GMT","server":"ESF","cache-control":"private","x-xss-protection":"0","x-frame-options":"SAMEORIGIN","x-content-type-options":"nosniff","server-timing":"gfet4t7; dur=665","alt-svc":"h3-29=\":443\"; ma=2592000,h3-T051=\":443\"; ma=2592000,h3-Q050=\":443\"; ma=2592000,h3-Q046=\":443\"; ma=2592000,h3-Q043=\":443\"; ma=2592000,quic=\":443\"; ma=2592000; v=\"46,43\"","accept-ranges":"none","transfer-encoding":"chunked"}
[debug] [2021-03-22T16:14:23.283Z] >>> HTTP REQUEST GET https://firebase.googleapis.com/v1beta1/projects/oshop-a5952  
 
[debug] [2021-03-22T16:14:24.436Z] <<< HTTP RESPONSE 200 {"content-type":"application/json; charset=UTF-8","vary":"X-Origin, Referer, Origin,Accept-Encoding","date":"Mon, 22 Mar 2021 16:14:24 GMT","server":"ESF","cache-control":"private","x-xss-protection":"0","x-frame-options":"SAMEORIGIN","x-content-type-options":"nosniff","alt-svc":"h3-29=\":443\"; ma=2592000,h3-T051=\":443\"; ma=2592000,h3-Q050=\":443\"; ma=2592000,h3-Q046=\":443\"; ma=2592000,h3-Q043=\":443\"; ma=2592000,quic=\":443\"; ma=2592000; v=\"46,43\"","accept-ranges":"none","transfer-encoding":"chunked"}
[info] 
[info] === Deploying to 'oshop-a5952'...
[info] 
[info] i  deploying hosting 
[debug] [2021-03-22T16:14:24.441Z] >>> HTTP REQUEST POST https://firebasehosting.googleapis.com/v1beta1/sites/oshop-a5952/versions  
 {"config":{"rewrites":[{"glob":"**","path":"/index.html"}]},"labels":{"deployment-tool":"cli-firebase"}}
[debug] [2021-03-22T16:14:28.083Z] <<< HTTP RESPONSE 200 {"content-type":"application/json; charset=UTF-8","vary":"X-Origin, Referer, Origin,Accept-Encoding","date":"Mon, 22 Mar 2021 16:14:28 GMT","server":"ESF","cache-control":"private","x-xss-protection":"0","x-frame-options":"SAMEORIGIN","x-content-type-options":"nosniff","alt-svc":"h3-29=\":443\"; ma=2592000,h3-T051=\":443\"; ma=2592000,h3-Q050=\":443\"; ma=2592000,h3-Q046=\":443\"; ma=2592000,h3-Q043=\":443\"; ma=2592000,quic=\":443\"; ma=2592000; v=\"46,43\"","accept-ranges":"none","transfer-encoding":"chunked"}
[info] i  hosting[oshop-a5952]: beginning deploy... 
[info] i  hosting[oshop-a5952]: found 10 files in dist/organic-shop 
[debug] [2021-03-22T16:14:28.172Z] [hosting] hash cache [ZGlzdFxvcmdhbmljLXNob3A] stored for 10 files
[debug] [2021-03-22T16:14:28.172Z] [hosting][hash queue][FINAL] {"max":73,"min":0,"avg":17.2,"active":0,"complete":10,"success":10,"errored":0,"retried":0,"total":10,"elapsed":81}
[debug] [2021-03-22T16:14:28.173Z] >>> HTTP REQUEST POST https://firebasehosting.googleapis.com/v1beta1/sites/oshop-a5952/versions/5dbaeab48dcda26f:populateFiles  
 <request body omitted>
[debug] [2021-03-22T16:14:29.730Z] <<< HTTP RESPONSE 200 {"content-type":"application/json; charset=UTF-8","vary":"X-Origin, Referer, Origin,Accept-Encoding","date":"Mon, 22 Mar 2021 16:14:29 GMT","server":"ESF","cache-control":"private","x-xss-protection":"0","x-frame-options":"SAMEORIGIN","x-content-type-options":"nosniff","alt-svc":"h3-29=\":443\"; ma=2592000,h3-T051=\":443\"; ma=2592000,h3-Q050=\":443\"; ma=2592000,h3-Q046=\":443\"; ma=2592000,h3-Q043=\":443\"; ma=2592000,quic=\":443\"; ma=2592000; v=\"46,43\"","accept-ranges":"none","transfer-encoding":"chunked"}
[debug] [2021-03-22T16:14:29.733Z] [hosting][populate queue][FINAL] {"max":1561,"min":1561,"avg":1561,"active":0,"complete":1,"success":1,"errored":0,"retried":0,"total":1,"elapsed":1562}
[debug] [2021-03-22T16:14:29.734Z] [hosting] uploads queued: 4
[debug] [2021-03-22T16:15:42.208Z] [hosting][upload queue][FINAL] {"max":72476,"min":6462,"avg":38506.25,"active":0,"complete":4,"success":4,"errored":0,"retried":0,"total":4,"elapsed":72476}
[info] +  hosting[oshop-a5952]: file upload complete 
[debug] [2021-03-22T16:15:42.209Z] [hosting] deploy completed after 74124ms
[debug] [2021-03-22T16:15:42.213Z] [
  {
    "config": {
      "public": "dist/organic-shop",
      "ignore": [
        "firebase.json",
        "**/.*",
        "**/node_modules/**"
      ],
      "rewrites": [
        {
          "source": "**",
          "destination": "/index.html"
        }
      ],
      "site": "oshop-a5952"
    },
    "site": "oshop-a5952",
    "version": "sites/oshop-a5952/versions/5dbaeab48dcda26f"
  }
]
[info] i  hosting[oshop-a5952]: finalizing version... 
[debug] [2021-03-22T16:15:42.217Z] >>> HTTP REQUEST PATCH https://firebasehosting.googleapis.com/v1beta1/sites/oshop-a5952/versions/5dbaeab48dcda26f?updateMask=status  
 {"status":"FINALIZED"}
[debug] [2021-03-22T16:15:44.842Z] <<< HTTP RESPONSE 200 {"content-type":"application/json; charset=UTF-8","vary":"X-Origin, Referer, Origin,Accept-Encoding","date":"Mon, 22 Mar 2021 16:15:44 GMT","server":"ESF","cache-control":"private","x-xss-protection":"0","x-frame-options":"SAMEORIGIN","x-content-type-options":"nosniff","alt-svc":"h3-29=\":443\"; ma=2592000,h3-T051=\":443\"; ma=2592000,h3-Q050=\":443\"; ma=2592000,h3-Q046=\":443\"; ma=2592000,h3-Q043=\":443\"; ma=2592000,quic=\":443\"; ma=2592000; v=\"46,43\"","accept-ranges":"none","transfer-encoding":"chunked"}
[debug] [2021-03-22T16:15:44.843Z] [hosting] finalized version for oshop-a5952: {"name":"sites/oshop-a5952/versions/5dbaeab48dcda26f","status":"FINALIZED","config":{"rewrites":[{"glob":"**","path":"/index.html"}]},"labels":{"deployment-tool":"cli-firebase"},"createTime":"2021-03-22T16:14:27.379228Z","createUser":{"email":"alaedd@gmail.com"},"finalizeTime":"2021-03-22T16:15:44.716534Z","finalizeUser":{"email":"alaedd@gmail.com"}}
[info] +  hosting[oshop-a5952]: version finalized 
[info] i  hosting[oshop-a5952]: releasing new version... 
[debug] [2021-03-22T16:15:44.845Z] >>> HTTP REQUEST POST https://firebasehosting.googleapis.com/v1beta1/sites/oshop-a5952/releases?version_name=sites/oshop-a5952/versions/5dbaeab48dcda26f  
 {"message":null}
[debug] [2021-03-22T16:15:46.580Z] <<< HTTP RESPONSE 200 {"content-type":"application/json; charset=UTF-8","vary":"X-Origin, Referer, Origin,Accept-Encoding","date":"Mon, 22 Mar 2021 16:15:46 GMT","server":"ESF","cache-control":"private","x-xss-protection":"0","x-frame-options":"SAMEORIGIN","x-content-type-options":"nosniff","alt-svc":"h3-29=\":443\"; ma=2592000,h3-T051=\":443\"; ma=2592000,h3-Q050=\":443\"; ma=2592000,h3-Q046=\":443\"; ma=2592000,h3-Q043=\":443\"; ma=2592000,quic=\":443\"; ma=2592000; v=\"46,43\"","accept-ranges":"none","transfer-encoding":"chunked"}
[debug] [2021-03-22T16:15:46.581Z] [hosting] release: {"name":"sites/oshop-a5952/releases/1616429745630293","version":{"name":"sites/oshop-a5952/versions/5dbaeab48dcda26f","status":"FINALIZED","config":{"rewrites":[{"glob":"**","path":"/index.html"}]},"labels":{"deployment-tool":"cli-firebase"},"createTime":"2021-03-22T16:14:27.379228Z","createUser":{"email":"alaedd@gmail.com"},"finalizeTime":"2021-03-22T16:15:44.716534Z","finalizeUser":{"email":"alaedd@gmail.com"},"preview":{}},"type":"DEPLOY","releaseTime":"2021-03-22T16:15:45.630293126Z","releaseUser":{"email":"alaedd@gmail.com"}}
[info] +  hosting[oshop-a5952]: release complete 
[info] 
[info] +  Deploy complete! 
[info] 
[info] Project Console: https://console.firebase.google.com/project/oshop-a5952/overview
[info] Hosting URL: https://oshop-a5952.web.app
